<?xml version="1.0" encoding="UTF-8"?>
<!-- Generated by org.testng.reporters.JUnitReportReporter -->
<testsuite hostname="badabeeddccfaccacaeefddadeaaaddbefdb-0" failures="0" tests="2" name="testcases.Testcase1" time="12.898" errors="0" timestamp="2023-08-10T06:02:06 UTC" skipped="0">
  <testcase classname="testcases.Testcase1" name="Register" time="8.404"/>
  <testcase classname="testcases.Testcase1" name="Valid_Login_TC" time="4.494"/>
</testsuite> <!-- testcases.Testcase1 -->
