<?xml version="1.0" encoding="UTF-8"?>
<!-- Generated by org.testng.reporters.JUnitReportReporter -->
<testsuite hostname="badabeeddccfaccacaeefddadeaaaddbefdb-0" failures="0" tests="2" name="testcases.Testcase1" time="15.965" errors="0" timestamp="2023-08-10T05:37:32 UTC" skipped="0">
  <testcase classname="testcases.Testcase1" name="Register" time="10.424"/>
  <testcase classname="testcases.Testcase1" name="Valid_Login_TC" time="5.541"/>
</testsuite> <!-- testcases.Testcase1 -->
