<?xml version="1.0" encoding="UTF-8"?>
<!-- Generated by org.testng.reporters.JUnitReportReporter -->
<testsuite hostname="badabeeddccfaccacaeefddadeaaaddbefdb-0" failures="0" tests="2" name="testcases.Testcase1" time="15.236" errors="0" timestamp="2023-08-10T05:54:34 UTC" skipped="0">
  <testcase classname="testcases.Testcase1" name="Register" time="9.776"/>
  <testcase classname="testcases.Testcase1" name="Valid_Login_TC" time="5.460"/>
</testsuite> <!-- testcases.Testcase1 -->
